<?xml version="1.0" encoding="UTF-8"?>
<!-- Generated by org.testng.reporters.JUnitReportReporter -->
<testsuite hostname="vickey" name="TestCases.verifyfirefox" tests="1" failures="0" timestamp="11 Jul 2017 17:29:31 GMT" time="17.549" errors="0">
  <testcase name="openbrowser" time="17.549" classname="TestCases.verifyfirefox"/>
</testsuite> <!-- TestCases.verifyfirefox -->
