<?xml version="1.0" encoding="UTF-8"?>
<!-- Generated by org.testng.reporters.JUnitReportReporter -->
<testsuite hostname="vickey" name="TestCases.verifylogin" tests="1" failures="0" timestamp="12 Jul 2017 02:02:27 GMT" time="28.885" errors="0">
  <testcase name="verifyfbpage" time="28.885" classname="TestCases.verifylogin"/>
</testsuite> <!-- TestCases.verifylogin -->
