<?xml version="1.0" encoding="UTF-8"?>
<!-- Generated by org.testng.reporters.JUnitReportReporter -->
<testsuite hostname="vickey" name="TestCases.CreatingFBAccount" tests="1" failures="0" timestamp="12 Jul 2017 02:02:27 GMT" time="25.294" errors="0">
  <testcase name="signingFB" time="25.294" classname="TestCases.CreatingFBAccount"/>
</testsuite> <!-- TestCases.CreatingFBAccount -->
