<?xml version="1.0" encoding="UTF-8"?>
<!-- Generated by org.testng.reporters.JUnitReportReporter -->
<testsuite hostname="vickey" name="TestCases.verifyie" tests="1" failures="0" timestamp="5 Jul 2017 03:42:29 GMT" time="5.456" errors="0">
  <testcase name="openbrowser" time="5.456" classname="TestCases.verifyie"/>
</testsuite> <!-- TestCases.verifyie -->
