<?xml version="1.0" encoding="UTF-8"?>
<!-- Generated by org.testng.reporters.JUnitReportReporter -->
<testsuite hostname="vickey" name="TestCases.verifychrome" tests="1" failures="0" timestamp="4 Jul 2017 22:13:23 GMT" time="8.400" errors="0">
  <testcase name="openbrowser" time="8.400" classname="TestCases.verifychrome"/>
</testsuite> <!-- TestCases.verifychrome -->
