<?xml version="1.0" encoding="UTF-8"?>
<!-- Generated by org.testng.reporters.JUnitReportReporter -->
<testsuite hostname="vickey" name="TestCases.verifylogin2" tests="1" failures="0" timestamp="12 Jul 2017 21:39:33 GMT" time="48.369" errors="0">
  <testcase name="verifyfbpage" time="48.369" classname="TestCases.verifylogin2"/>
</testsuite> <!-- TestCases.verifylogin2 -->
